This is pdfTeX, Version 3.141592653-2.6-1.40.28 (TeX Live 2025) (preloaded format=pdflatex 2025.7.18)  18 APR 2026 13:02
entering extended mode
 restricted \write18 enabled.
 file:line:error style messages enabled.
 %&-line parsing enabled.
**/home/ashiquetnizar/Projects/BSMS_thesis/NRGW_Presentation/main.tex
(/home/ashiquetnizar/Projects/BSMS_thesis/NRGW_Presentation/main.tex
LaTeX2e <2025-06-01> patch level 1
L3 programming layer <2025-07-11>
(/usr/local/texlive/2025/texmf-dist/tex/latex/beamer/beamer.cls
Document Class: beamer 2025/06/15 v3.74 A class for typesetting presentations
(/usr/local/texlive/2025/texmf-dist/tex/latex/beamer/beamerbasemodes.sty (/usr/local/texlive/2025/texmf-dist/tex/latex/etoolbox/etoolbox.sty
Package: etoolbox 2025/02/11 v2.5l e-TeX tools for LaTeX (JAW)
\etb@tempcnta=\count275
)
\beamer@tempbox=\box53
\beamer@tempcount=\count276
\c@beamerpauses=\count277
 (/usr/local/texlive/2025/texmf-dist/tex/latex/beamer/beamerbasedecode.sty
\beamer@slideinframe=\count278
\beamer@minimum=\count279
\beamer@decode@box=\box54
)
\beamer@commentbox=\box55
\beamer@modecount=\count280
) (/usr/local/texlive/2025/texmf-dist/tex/generic/iftex/iftex.sty
Package: iftex 2024/12/12 v1.0g TeX engine tests
)
\headdp=\dimen148
\footheight=\dimen149
\sidebarheight=\dimen150
\beamer@tempdim=\dimen151
\beamer@finalheight=\dimen152
\beamer@animht=\dimen153
\beamer@animdp=\dimen154
\beamer@animwd=\dimen155
\beamer@leftmargin=\dimen156
\beamer@rightmargin=\dimen157
\beamer@leftsidebar=\dimen158
\beamer@rightsidebar=\dimen159
\beamer@boxsize=\dimen160
\beamer@vboxoffset=\dimen161
\beamer@descdefault=\dimen162
\beamer@descriptionwidth=\dimen163
\beamer@lastskip=\skip49
\beamer@areabox=\box56
\beamer@animcurrent=\box57
\beamer@animshowbox=\box58
\beamer@sectionbox=\box59
\beamer@logobox=\box60
\beamer@linebox=\box61
\beamer@sectioncount=\count281
\beamer@subsubsectionmax=\count282
\beamer@subsectionmax=\count283
\beamer@sectionmax=\count284
\beamer@totalheads=\count285
\beamer@headcounter=\count286
\beamer@partstartpage=\count287
\beamer@sectionstartpage=\count288
\beamer@subsectionstartpage=\count289
\beamer@animationtempa=\count290
\beamer@animationtempb=\count291
\beamer@xpos=\count292
\beamer@ypos=\count293
\beamer@ypos@offset=\count294
\beamer@showpartnumber=\count295
\beamer@currentsubsection=\count296
\beamer@coveringdepth=\count297
\beamer@sectionadjust=\count298
\beamer@toclastsection=\count299
\beamer@tocsectionnumber=\count300
 (/usr/local/texlive/2025/texmf-dist/tex/latex/beamer/beamerbaseoptions.sty (/usr/local/texlive/2025/texmf-dist/tex/latex/graphics/keyval.sty
Package: keyval 2022/05/29 v1.15 key=value parser (DPC)
\KV@toks@=\toks17
))
\beamer@paperwidth=\skip50
\beamer@paperheight=\skip51
 (/usr/local/texlive/2025/texmf-dist/tex/latex/geometry/geometry.sty
Package: geometry 2020/01/02 v5.9 Page Geometry
 (/usr/local/texlive/2025/texmf-dist/tex/generic/iftex/ifvtex.sty
Package: ifvtex 2019/10/25 v1.7 ifvtex legacy package. Use iftex instead.
)
\Gm@cnth=\count301
\Gm@cntv=\count302
\c@Gm@tempcnt=\count303
\Gm@bindingoffset=\dimen164
\Gm@wd@mp=\dimen165
\Gm@odd@mp=\dimen166
\Gm@even@mp=\dimen167
\Gm@layoutwidth=\dimen168
\Gm@layoutheight=\dimen169
\Gm@layouthoffset=\dimen170
\Gm@layoutvoffset=\dimen171
\Gm@dimlist=\toks18
) (/usr/local/texlive/2025/texmf-dist/tex/latex/pgf/math/pgfmath.sty (/usr/local/texlive/2025/texmf-dist/tex/latex/pgf/utilities/pgfrcs.sty (/usr/local/texlive/2025/texmf-dist/tex/generic/pgf/utilities/pgfutil-common.tex
\pgfutil@everybye=\toks19
\pgfutil@tempdima=\dimen172
\pgfutil@tempdimb=\dimen173
) (/usr/local/texlive/2025/texmf-dist/tex/generic/pgf/utilities/pgfutil-latex.def
\pgfutil@abb=\box62
) (/usr/local/texlive/2025/texmf-dist/tex/generic/pgf/utilities/pgfrcs.code.tex (/usr/local/texlive/2025/texmf-dist/tex/generic/pgf/pgf.revision.tex)
Package: pgfrcs 2023-01-15 v3.1.10 (3.1.10)
)) (/usr/local/texlive/2025/texmf-dist/tex/latex/pgf/utilities/pgfkeys.sty (/usr/local/texlive/2025/texmf-dist/tex/generic/pgf/utilities/pgfkeys.code.tex
\pgfkeys@pathtoks=\toks20
\pgfkeys@temptoks=\toks21
 (/usr/local/texlive/2025/texmf-dist/tex/generic/pgf/utilities/pgfkeyslibraryfiltered.code.tex
\pgfkeys@tmptoks=\toks22
))) (/usr/local/texlive/2025/texmf-dist/tex/generic/pgf/math/pgfmath.code.tex (/usr/local/texlive/2025/texmf-dist/tex/generic/pgf/math/pgfmathutil.code.tex
\pgf@x=\dimen174
\pgf@xa=\dimen175
\pgf@xb=\dimen176
\pgf@xc=\dimen177
\pgf@y=\dimen178
\pgf@ya=\dimen179
\pgf@yb=\dimen180
\pgf@yc=\dimen181
\c@pgf@counta=\count304
\c@pgf@countb=\count305
\c@pgf@countc=\count306
\c@pgf@countd=\count307
) (/usr/local/texlive/2025/texmf-dist/tex/generic/pgf/math/pgfmathparser.code.tex
\pgfmath@dimen=\dimen182
\pgfmath@count=\count308
\pgfmath@box=\box63
\pgfmath@toks=\toks23
\pgfmath@stack@operand=\toks24
\pgfmath@stack@operation=\toks25
) (/usr/local/texlive/2025/texmf-dist/tex/generic/pgf/math/pgfmathfunctions.code.tex) (/usr/local/texlive/2025/texmf-dist/tex/generic/pgf/math/pgfmathfunctions.basic.code.tex) (/usr/local/texlive/2025/texmf-dist/tex/generic/pgf/math/pgfmathfunctions.trigonometric.code.tex) (/usr/local/texlive/2025/texmf-dist/tex/generic/pgf/math/pgfmathfunctions.random.code.tex) (/usr/local/texlive/2025/texmf-dist/tex/generic/pgf/math/pgfmathfunctions.comparison.code.tex) (/usr/local/texlive/2025/texmf-dist/tex/generic/pgf/math/pgfmathfunctions.base.code.tex) (/usr/local/texlive/2025/texmf-dist/tex/generic/pgf/math/pgfmathfunctions.round.code.tex) (/usr/local/texlive/2025/texmf-dist/tex/generic/pgf/math/pgfmathfunctions.misc.code.tex) (/usr/local/texlive/2025/texmf-dist/tex/generic/pgf/math/pgfmathfunctions.integerarithmetics.code.tex) (/usr/local/texlive/2025/texmf-dist/tex/generic/pgf/math/pgfmathcalc.code.tex) (/usr/local/texlive/2025/texmf-dist/tex/generic/pgf/math/pgfmathfloat.code.tex
\c@pgfmathroundto@lastzeros=\count309
))) (/usr/local/texlive/2025/texmf-dist/tex/latex/extsizes/size9.clo
File: size9.clo 1999/11/11 v1.4a NON-Standard LaTeX file (size option)
) (/usr/local/texlive/2025/texmf-dist/tex/latex/pgf/basiclayer/pgfcore.sty (/usr/local/texlive/2025/texmf-dist/tex/latex/graphics/graphicx.sty
Package: graphicx 2024/12/31 v1.2e Enhanced LaTeX Graphics (DPC,SPQR)
 (/usr/local/texlive/2025/texmf-dist/tex/latex/graphics/graphics.sty
Package: graphics 2024/08/06 v1.4g Standard LaTeX Graphics (DPC,SPQR)
 (/usr/local/texlive/2025/texmf-dist/tex/latex/graphics/trig.sty
Package: trig 2023/12/02 v1.11 sin cos tan (DPC)
) (/usr/local/texlive/2025/texmf-dist/tex/latex/graphics-cfg/graphics.cfg
File: graphics.cfg 2016/06/04 v1.11 sample graphics configuration
)
Package graphics Info: Driver file: pdftex.def on input line 106.
 (/usr/local/texlive/2025/texmf-dist/tex/latex/graphics-def/pdftex.def
File: pdftex.def 2024/04/13 v1.2c Graphics/color driver for pdftex
))
\Gin@req@height=\dimen183
\Gin@req@width=\dimen184
) (/usr/local/texlive/2025/texmf-dist/tex/latex/pgf/systemlayer/pgfsys.sty (/usr/local/texlive/2025/texmf-dist/tex/generic/pgf/systemlayer/pgfsys.code.tex
Package: pgfsys 2023-01-15 v3.1.10 (3.1.10)
\pgf@x=\dimen185
\pgf@y=\dimen186
\pgf@xa=\dimen187
\pgf@ya=\dimen188
\pgf@xb=\dimen189
\pgf@yb=\dimen190
\pgf@xc=\dimen191
\pgf@yc=\dimen192
\pgf@xd=\dimen193
\pgf@yd=\dimen194
\w@pgf@writea=\write3
\r@pgf@reada=\read2
\c@pgf@counta=\count310
\c@pgf@countb=\count311
\c@pgf@countc=\count312
\c@pgf@countd=\count313
\t@pgf@toka=\toks26
\t@pgf@tokb=\toks27
\t@pgf@tokc=\toks28
\pgf@sys@id@count=\count314
 (/usr/local/texlive/2025/texmf-dist/tex/generic/pgf/systemlayer/pgf.cfg
File: pgf.cfg 2023-01-15 v3.1.10 (3.1.10)
)
Driver file for pgf: pgfsys-pdftex.def
 (/usr/local/texlive/2025/texmf-dist/tex/generic/pgf/systemlayer/pgfsys-pdftex.def
File: pgfsys-pdftex.def 2023-01-15 v3.1.10 (3.1.10)
 (/usr/local/texlive/2025/texmf-dist/tex/generic/pgf/systemlayer/pgfsys-common-pdf.def
File: pgfsys-common-pdf.def 2023-01-15 v3.1.10 (3.1.10)
))) (/usr/local/texlive/2025/texmf-dist/tex/generic/pgf/systemlayer/pgfsyssoftpath.code.tex
File: pgfsyssoftpath.code.tex 2023-01-15 v3.1.10 (3.1.10)
\pgfsyssoftpath@smallbuffer@items=\count315
\pgfsyssoftpath@bigbuffer@items=\count316
) (/usr/local/texlive/2025/texmf-dist/tex/generic/pgf/systemlayer/pgfsysprotocol.code.tex
File: pgfsysprotocol.code.tex 2023-01-15 v3.1.10 (3.1.10)
)) (/usr/local/texlive/2025/texmf-dist/tex/latex/xcolor/xcolor.sty
Package: xcolor 2024/09/29 v3.02 LaTeX color extensions (UK)
 (/usr/local/texlive/2025/texmf-dist/tex/latex/graphics-cfg/color.cfg
File: color.cfg 2016/01/02 v1.6 sample color configuration
)
Package xcolor Info: Driver file: pdftex.def on input line 274.
 (/usr/local/texlive/2025/texmf-dist/tex/latex/graphics/mathcolor.ltx)
Package xcolor Info: Model `cmy' substituted by `cmy0' on input line 1349.
Package xcolor Info: Model `hsb' substituted by `rgb' on input line 1353.
Package xcolor Info: Model `RGB' extended on input line 1365.
Package xcolor Info: Model `HTML' substituted by `rgb' on input line 1367.
Package xcolor Info: Model `Hsb' substituted by `hsb' on input line 1368.
Package xcolor Info: Model `tHsb' substituted by `hsb' on input line 1369.
Package xcolor Info: Model `HSB' substituted by `hsb' on input line 1370.
Package xcolor Info: Model `Gray' substituted by `gray' on input line 1371.
Package xcolor Info: Model `wave' substituted by `hsb' on input line 1372.
) (/usr/local/texlive/2025/texmf-dist/tex/generic/pgf/basiclayer/pgfcore.code.tex
Package: pgfcore 2023-01-15 v3.1.10 (3.1.10)
 (/usr/local/texlive/2025/texmf-dist/tex/generic/pgf/math/pgfint.code.tex) (/usr/local/texlive/2025/texmf-dist/tex/generic/pgf/basiclayer/pgfcorepoints.code.tex
File: pgfcorepoints.code.tex 2023-01-15 v3.1.10 (3.1.10)
\pgf@picminx=\dimen195
\pgf@picmaxx=\dimen196
\pgf@picminy=\dimen197
\pgf@picmaxy=\dimen198
\pgf@pathminx=\dimen199
\pgf@pathmaxx=\dimen256
\pgf@pathminy=\dimen257
\pgf@pathmaxy=\dimen258
\pgf@xx=\dimen259
\pgf@xy=\dimen260
\pgf@yx=\dimen261
\pgf@yy=\dimen262
\pgf@zx=\dimen263
\pgf@zy=\dimen264
) (/usr/local/texlive/2025/texmf-dist/tex/generic/pgf/basiclayer/pgfcorepathconstruct.code.tex
File: pgfcorepathconstruct.code.tex 2023-01-15 v3.1.10 (3.1.10)
\pgf@path@lastx=\dimen265
\pgf@path@lasty=\dimen266
) (/usr/local/texlive/2025/texmf-dist/tex/generic/pgf/basiclayer/pgfcorepathusage.code.tex
File: pgfcorepathusage.code.tex 2023-01-15 v3.1.10 (3.1.10)
\pgf@shorten@end@additional=\dimen267
\pgf@shorten@start@additional=\dimen268
) (/usr/local/texlive/2025/texmf-dist/tex/generic/pgf/basiclayer/pgfcorescopes.code.tex
File: pgfcorescopes.code.tex 2023-01-15 v3.1.10 (3.1.10)
\pgfpic=\box64
\pgf@hbox=\box65
\pgf@layerbox@main=\box66
\pgf@picture@serial@count=\count317
) (/usr/local/texlive/2025/texmf-dist/tex/generic/pgf/basiclayer/pgfcoregraphicstate.code.tex
File: pgfcoregraphicstate.code.tex 2023-01-15 v3.1.10 (3.1.10)
\pgflinewidth=\dimen269
) (/usr/local/texlive/2025/texmf-dist/tex/generic/pgf/basiclayer/pgfcoretransformations.code.tex
File: pgfcoretransformations.code.tex 2023-01-15 v3.1.10 (3.1.10)
\pgf@pt@x=\dimen270
\pgf@pt@y=\dimen271
\pgf@pt@temp=\dimen272
) (/usr/local/texlive/2025/texmf-dist/tex/generic/pgf/basiclayer/pgfcorequick.code.tex
File: pgfcorequick.code.tex 2023-01-15 v3.1.10 (3.1.10)
) (/usr/local/texlive/2025/texmf-dist/tex/generic/pgf/basiclayer/pgfcoreobjects.code.tex
File: pgfcoreobjects.code.tex 2023-01-15 v3.1.10 (3.1.10)
) (/usr/local/texlive/2025/texmf-dist/tex/generic/pgf/basiclayer/pgfcorepathprocessing.code.tex
File: pgfcorepathprocessing.code.tex 2023-01-15 v3.1.10 (3.1.10)
) (/usr/local/texlive/2025/texmf-dist/tex/generic/pgf/basiclayer/pgfcorearrows.code.tex
File: pgfcorearrows.code.tex 2023-01-15 v3.1.10 (3.1.10)
\pgfarrowsep=\dimen273
) (/usr/local/texlive/2025/texmf-dist/tex/generic/pgf/basiclayer/pgfcoreshade.code.tex
File: pgfcoreshade.code.tex 2023-01-15 v3.1.10 (3.1.10)
\pgf@max=\dimen274
\pgf@sys@shading@range@num=\count318
\pgf@shadingcount=\count319
) (/usr/local/texlive/2025/texmf-dist/tex/generic/pgf/basiclayer/pgfcoreimage.code.tex
File: pgfcoreimage.code.tex 2023-01-15 v3.1.10 (3.1.10)
) (/usr/local/texlive/2025/texmf-dist/tex/generic/pgf/basiclayer/pgfcoreexternal.code.tex
File: pgfcoreexternal.code.tex 2023-01-15 v3.1.10 (3.1.10)
\pgfexternal@startupbox=\box67
) (/usr/local/texlive/2025/texmf-dist/tex/generic/pgf/basiclayer/pgfcorelayers.code.tex
File: pgfcorelayers.code.tex 2023-01-15 v3.1.10 (3.1.10)
) (/usr/local/texlive/2025/texmf-dist/tex/generic/pgf/basiclayer/pgfcoretransparency.code.tex
File: pgfcoretransparency.code.tex 2023-01-15 v3.1.10 (3.1.10)
) (/usr/local/texlive/2025/texmf-dist/tex/generic/pgf/basiclayer/pgfcorepatterns.code.tex
File: pgfcorepatterns.code.tex 2023-01-15 v3.1.10 (3.1.10)
) (/usr/local/texlive/2025/texmf-dist/tex/generic/pgf/basiclayer/pgfcorerdf.code.tex
File: pgfcorerdf.code.tex 2023-01-15 v3.1.10 (3.1.10)
))) (/usr/local/texlive/2025/texmf-dist/tex/latex/pgf/utilities/xxcolor.sty
Package: xxcolor 2003/10/24 ver 0.1
\XC@nummixins=\count320
\XC@countmixins=\count321
) (/usr/local/texlive/2025/texmf-dist/tex/latex/base/atbegshi-ltx.sty
Package: atbegshi-ltx 2021/01/10 v1.0c Emulation of the original atbegshi
package with kernel methods
) (/usr/local/texlive/2025/texmf-dist/tex/latex/hyperref/hyperref.sty
Package: hyperref 2025-07-12 v7.01o Hypertext links for LaTeX
 (/usr/local/texlive/2025/texmf-dist/tex/latex/kvsetkeys/kvsetkeys.sty
Package: kvsetkeys 2022-10-05 v1.19 Key value parser (HO)
) (/usr/local/texlive/2025/texmf-dist/tex/generic/kvdefinekeys/kvdefinekeys.sty
Package: kvdefinekeys 2019-12-19 v1.6 Define keys (HO)
) (/usr/local/texlive/2025/texmf-dist/tex/generic/pdfescape/pdfescape.sty
Package: pdfescape 2019/12/09 v1.15 Implements pdfTeX's escape features (HO)
 (/usr/local/texlive/2025/texmf-dist/tex/generic/ltxcmds/ltxcmds.sty
Package: ltxcmds 2023-12-04 v1.26 LaTeX kernel commands for general use (HO)
) (/usr/local/texlive/2025/texmf-dist/tex/generic/pdftexcmds/pdftexcmds.sty
Package: pdftexcmds 2020-06-27 v0.33 Utility functions of pdfTeX for LuaTeX (HO)
 (/usr/local/texlive/2025/texmf-dist/tex/generic/infwarerr/infwarerr.sty
Package: infwarerr 2019/12/03 v1.5 Providing info/warning/error messages (HO)
)
Package pdftexcmds Info: \pdf@primitive is available.
Package pdftexcmds Info: \pdf@ifprimitive is available.
Package pdftexcmds Info: \pdfdraftmode found.
)) (/usr/local/texlive/2025/texmf-dist/tex/latex/hycolor/hycolor.sty
Package: hycolor 2020-01-27 v1.10 Color options for hyperref/bookmark (HO)
) (/usr/local/texlive/2025/texmf-dist/tex/latex/hyperref/nameref.sty
Package: nameref 2025-06-21 v2.57 Cross-referencing by name of section
 (/usr/local/texlive/2025/texmf-dist/tex/latex/refcount/refcount.sty
Package: refcount 2019/12/15 v3.6 Data extraction from label references (HO)
) (/usr/local/texlive/2025/texmf-dist/tex/generic/gettitlestring/gettitlestring.sty
Package: gettitlestring 2019/12/15 v1.6 Cleanup title references (HO)
 (/usr/local/texlive/2025/texmf-dist/tex/latex/kvoptions/kvoptions.sty
Package: kvoptions 2022-06-15 v3.15 Key value format for package options (HO)
))
\c@section@level=\count322
) (/usr/local/texlive/2025/texmf-dist/tex/generic/stringenc/stringenc.sty
Package: stringenc 2019/11/29 v1.12 Convert strings between diff. encodings (HO)
)
\@linkdim=\dimen275
\Hy@linkcounter=\count323
\Hy@pagecounter=\count324
 (/usr/local/texlive/2025/texmf-dist/tex/latex/hyperref/pd1enc.def
File: pd1enc.def 2025-07-12 v7.01o Hyperref: PDFDocEncoding definition (HO)
Now handling font encoding PD1 ...
... no UTF-8 mapping file for font encoding PD1
) (/usr/local/texlive/2025/texmf-dist/tex/generic/intcalc/intcalc.sty
Package: intcalc 2019/12/15 v1.3 Expandable calculations with integers (HO)
)
\Hy@SavedSpaceFactor=\count325
 (/usr/local/texlive/2025/texmf-dist/tex/latex/hyperref/puenc.def
File: puenc.def 2025-07-12 v7.01o Hyperref: PDF Unicode definition (HO)
Now handling font encoding PU ...
... no UTF-8 mapping file for font encoding PU
)
Package hyperref Info: Option `bookmarks' set `true' on input line 4066.
Package hyperref Info: Option `bookmarksopen' set `true' on input line 4066.
Package hyperref Info: Option `implicit' set `false' on input line 4066.
Package hyperref Info: Hyper figures OFF on input line 4195.
Package hyperref Info: Link nesting OFF on input line 4200.
Package hyperref Info: Hyper index ON on input line 4203.
Package hyperref Info: Plain pages OFF on input line 4210.
Package hyperref Info: Backreferencing OFF on input line 4215.
Package hyperref Info: Implicit mode OFF; no redefinition of LaTeX internals.
Package hyperref Info: Bookmarks ON on input line 4462.
\c@Hy@tempcnt=\count326
 (/usr/local/texlive/2025/texmf-dist/tex/latex/url/url.sty
\Urlmuskip=\muskip17
Package: url 2013/09/16  ver 3.4  Verb mode for urls, etc.
)
LaTeX Info: Redefining \url on input line 4801.
\XeTeXLinkMargin=\dimen276
 (/usr/local/texlive/2025/texmf-dist/tex/generic/bitset/bitset.sty
Package: bitset 2019/12/09 v1.3 Handle bit-vector datatype (HO)
 (/usr/local/texlive/2025/texmf-dist/tex/generic/bigintcalc/bigintcalc.sty
Package: bigintcalc 2019/12/15 v1.5 Expandable calculations on big integers (HO)
))
\Fld@menulength=\count327
\Field@Width=\dimen277
\Fld@charsize=\dimen278
Package hyperref Info: Hyper figures OFF on input line 6078.
Package hyperref Info: Link nesting OFF on input line 6083.
Package hyperref Info: Hyper index ON on input line 6086.
Package hyperref Info: backreferencing OFF on input line 6093.
Package hyperref Info: Link coloring OFF on input line 6098.
Package hyperref Info: Link coloring with OCG OFF on input line 6103.
Package hyperref Info: PDF/A mode OFF on input line 6108.
\Hy@abspage=\count328


Package hyperref Message: Stopped early.

)
Package hyperref Info: Driver (autodetected): hpdftex.
 (/usr/local/texlive/2025/texmf-dist/tex/latex/hyperref/hpdftex.def
File: hpdftex.def 2025-07-12 v7.01o Hyperref driver for pdfTeX
\Fld@listcount=\count329
\c@bookmark@seq@number=\count330
 (/usr/local/texlive/2025/texmf-dist/tex/latex/rerunfilecheck/rerunfilecheck.sty
Package: rerunfilecheck 2025-06-21 v1.11 Rerun checks for auxiliary files (HO)
 (/usr/local/texlive/2025/texmf-dist/tex/generic/uniquecounter/uniquecounter.sty
Package: uniquecounter 2019/12/15 v1.4 Provide unlimited unique counter (HO)
)
Package uniquecounter Info: New unique counter `rerunfilecheck' on input line 284.
)) (/usr/local/texlive/2025/texmf-dist/tex/latex/beamer/beamerbaserequires.sty (/usr/local/texlive/2025/texmf-dist/tex/latex/beamer/beamerbasecompatibility.sty) (/usr/local/texlive/2025/texmf-dist/tex/latex/beamer/beamerbasefont.sty (/usr/local/texlive/2025/texmf-dist/tex/latex/amsfonts/amssymb.sty
Package: amssymb 2013/01/14 v3.01 AMS font symbols
 (/usr/local/texlive/2025/texmf-dist/tex/latex/amsfonts/amsfonts.sty
Package: amsfonts 2013/01/14 v3.01 Basic AMSFonts support
\@emptytoks=\toks29
\symAMSa=\mathgroup4
\symAMSb=\mathgroup5
LaTeX Font Info:    Redeclaring math symbol \hbar on input line 98.
LaTeX Font Info:    Overwriting math alphabet `\mathfrak' in version `bold'
(Font)                  U/euf/m/n --> U/euf/b/n on input line 106.
)) (/usr/local/texlive/2025/texmf-dist/tex/latex/sansmathaccent/sansmathaccent.sty
Package: sansmathaccent 2020/01/31
 (/usr/local/texlive/2025/texmf-dist/tex/latex/koma-script/scrlfile.sty
Package: scrlfile 2025/06/04 v3.45 KOMA-Script package (file load hooks)
 (/usr/local/texlive/2025/texmf-dist/tex/latex/koma-script/scrlfile-hook.sty
Package: scrlfile-hook 2025/06/04 v3.45 KOMA-Script package (using LaTeX hooks)
 (/usr/local/texlive/2025/texmf-dist/tex/latex/koma-script/scrlogo.sty
Package: scrlogo 2025/06/04 v3.45 KOMA-Script package (logo)
))))) (/usr/local/texlive/2025/texmf-dist/tex/latex/beamer/beamerbasetranslator.sty (/usr/local/texlive/2025/texmf-dist/tex/latex/translator/translator.sty
Package: translator 2021-05-31 v1.12d Easy translation of strings in LaTeX
)) (/usr/local/texlive/2025/texmf-dist/tex/latex/beamer/beamerbasemisc.sty) (/usr/local/texlive/2025/texmf-dist/tex/latex/beamer/beamerbasetwoscreens.sty) (/usr/local/texlive/2025/texmf-dist/tex/latex/beamer/beamerbaseoverlay.sty
\beamer@argscount=\count331
\beamer@lastskipcover=\skip52
\beamer@trivlistdepth=\count332
) (/usr/local/texlive/2025/texmf-dist/tex/latex/beamer/beamerbasetitle.sty) (/usr/local/texlive/2025/texmf-dist/tex/latex/beamer/beamerbasesection.sty
\c@lecture=\count333
\c@part=\count334
\c@section=\count335
\c@subsection=\count336
\c@subsubsection=\count337
) (/usr/local/texlive/2025/texmf-dist/tex/latex/beamer/beamerbaseframe.sty
\beamer@framebox=\box68
\beamer@frametitlebox=\box69
\beamer@zoombox=\box70
\beamer@zoomcount=\count338
\beamer@zoomframecount=\count339
\beamer@frametextheight=\dimen279
\c@subsectionslide=\count340
\beamer@frametopskip=\skip53
\beamer@framebottomskip=\skip54
\beamer@frametopskipautobreak=\skip55
\beamer@framebottomskipautobreak=\skip56
\beamer@envbody=\toks30
\framewidth=\dimen280
\c@framenumber=\count341
) (/usr/local/texlive/2025/texmf-dist/tex/latex/beamer/beamerbaseverbatim.sty
\beamer@verbatimfileout=\write4
) (/usr/local/texlive/2025/texmf-dist/tex/latex/beamer/beamerbaseframesize.sty
\beamer@splitbox=\box71
\beamer@autobreakcount=\count342
\beamer@autobreaklastheight=\dimen281
\beamer@frametitletoks=\toks31
\beamer@framesubtitletoks=\toks32
) (/usr/local/texlive/2025/texmf-dist/tex/latex/beamer/beamerbaseframecomponents.sty
\beamer@footins=\box72
) (/usr/local/texlive/2025/texmf-dist/tex/latex/beamer/beamerbasecolor.sty) (/usr/local/texlive/2025/texmf-dist/tex/latex/beamer/beamerbasenotes.sty
\beamer@frameboxcopy=\box73
) (/usr/local/texlive/2025/texmf-dist/tex/latex/beamer/beamerbasetoc.sty) (/usr/local/texlive/2025/texmf-dist/tex/latex/beamer/beamerbasetemplates.sty
\beamer@sbttoks=\toks33
 (/usr/local/texlive/2025/texmf-dist/tex/latex/beamer/beamerbaseauxtemplates.sty (/usr/local/texlive/2025/texmf-dist/tex/latex/beamer/beamerbaseboxes.sty
\bmb@box=\box74
\bmb@colorbox=\box75
\bmb@boxwidth=\dimen282
\bmb@boxheight=\dimen283
\bmb@prevheight=\dimen284
\bmb@temp=\dimen285
\bmb@dima=\dimen286
\bmb@dimb=\dimen287
\bmb@prevheight=\dimen288
)
\beamer@blockheadheight=\dimen289
)) (/usr/local/texlive/2025/texmf-dist/tex/latex/beamer/beamerbaselocalstructure.sty (/usr/local/texlive/2025/texmf-dist/tex/latex/tools/enumerate.sty
Package: enumerate 2023/07/04 v3.00 enumerate extensions (DPC)
\@enLab=\toks34
)
\beamer@bibiconwidth=\skip57
\c@figure=\count343
\c@table=\count344
\abovecaptionskip=\skip58
\belowcaptionskip=\skip59
) (/usr/local/texlive/2025/texmf-dist/tex/latex/beamer/beamerbasenavigation.sty (/usr/local/texlive/2025/texmf-dist/tex/latex/beamer/beamerbasenavigationsymbols.tex)
\beamer@section@min@dim=\dimen290
) (/usr/local/texlive/2025/texmf-dist/tex/latex/beamer/beamerbasetheorems.sty (/usr/local/texlive/2025/texmf-dist/tex/latex/amsmath/amsmath.sty
Package: amsmath 2025/06/16 v2.17y AMS math features
\@mathmargin=\skip60

For additional information on amsmath, use the `?' option.
(/usr/local/texlive/2025/texmf-dist/tex/latex/amsmath/amstext.sty
Package: amstext 2024/11/17 v2.01 AMS text
 (/usr/local/texlive/2025/texmf-dist/tex/latex/amsmath/amsgen.sty
File: amsgen.sty 1999/11/30 v2.0 generic functions
\@emptytoks=\toks35
\ex@=\dimen291
)) (/usr/local/texlive/2025/texmf-dist/tex/latex/amsmath/amsbsy.sty
Package: amsbsy 1999/11/29 v1.2d Bold Symbols
\pmbraise@=\dimen292
) (/usr/local/texlive/2025/texmf-dist/tex/latex/amsmath/amsopn.sty
Package: amsopn 2022/04/08 v2.04 operator names
)
\inf@bad=\count345
LaTeX Info: Redefining \frac on input line 233.
\uproot@=\count346
\leftroot@=\count347
LaTeX Info: Redefining \overline on input line 398.
LaTeX Info: Redefining \colon on input line 409.
\classnum@=\count348
\DOTSCASE@=\count349
LaTeX Info: Redefining \ldots on input line 495.
LaTeX Info: Redefining \dots on input line 498.
LaTeX Info: Redefining \cdots on input line 619.
\Mathstrutbox@=\box76
\strutbox@=\box77
LaTeX Info: Redefining \big on input line 721.
LaTeX Info: Redefining \Big on input line 722.
LaTeX Info: Redefining \bigg on input line 723.
LaTeX Info: Redefining \Bigg on input line 724.
\big@size=\dimen293
LaTeX Font Info:    Redeclaring font encoding OML on input line 742.
LaTeX Font Info:    Redeclaring font encoding OMS on input line 743.
\macc@depth=\count350
LaTeX Info: Redefining \bmod on input line 904.
LaTeX Info: Redefining \pmod on input line 909.
LaTeX Info: Redefining \smash on input line 939.
LaTeX Info: Redefining \relbar on input line 969.
LaTeX Info: Redefining \Relbar on input line 970.
\c@MaxMatrixCols=\count351
\dotsspace@=\muskip18
\c@parentequation=\count352
\dspbrk@lvl=\count353
\tag@help=\toks36
\row@=\count354
\column@=\count355
\maxfields@=\count356
\andhelp@=\toks37
\eqnshift@=\dimen294
\alignsep@=\dimen295
\tagshift@=\dimen296
\tagwidth@=\dimen297
\totwidth@=\dimen298
\lineht@=\dimen299
\@envbody=\toks38
\multlinegap=\skip61
\multlinetaggap=\skip62
\mathdisplay@stack=\toks39
LaTeX Info: Redefining \[ on input line 2949.
LaTeX Info: Redefining \] on input line 2950.
) (/usr/local/texlive/2025/texmf-dist/tex/latex/amscls/amsthm.sty
Package: amsthm 2020/05/29 v2.20.6
\thm@style=\toks40
\thm@bodyfont=\toks41
\thm@headfont=\toks42
\thm@notefont=\toks43
\thm@headpunct=\toks44
\thm@preskip=\skip63
\thm@postskip=\skip64
\thm@headsep=\skip65
\dth@everypar=\toks45
)
\c@theorem=\count357
) (/usr/local/texlive/2025/texmf-dist/tex/latex/beamer/beamerbasethemes.sty)) (/usr/local/texlive/2025/texmf-dist/tex/latex/beamer/beamerthemedefault.sty (/usr/local/texlive/2025/texmf-dist/tex/latex/beamer/beamerfontthemedefault.sty) (/usr/local/texlive/2025/texmf-dist/tex/latex/beamer/beamercolorthemedefault.sty) (/usr/local/texlive/2025/texmf-dist/tex/latex/beamer/beamerinnerthemedefault.sty
\beamer@dima=\dimen300
\beamer@dimb=\dimen301
) (/usr/local/texlive/2025/texmf-dist/tex/latex/beamer/beamerouterthemedefault.sty))) (/usr/local/texlive/2025/texmf-dist/tex/latex/beamer/beamerthemeDarmstadt.sty (/usr/local/texlive/2025/texmf-dist/tex/latex/beamer/beamerouterthemesmoothbars.sty) (/usr/local/texlive/2025/texmf-dist/tex/latex/beamer/beamerinnerthemerounded.sty) (/usr/local/texlive/2025/texmf-dist/tex/latex/beamer/beamercolorthemeorchid.sty) (/usr/local/texlive/2025/texmf-dist/tex/latex/beamer/beamercolorthemewhale.sty)) (/usr/local/texlive/2025/texmf-dist/tex/latex/oberdiek/centernot.sty
Package: centernot 2016/05/16 v1.4 Centers the not symbol horizontally (HO)
) (/usr/local/texlive/2025/texmf-dist/tex/latex/caption/subcaption.sty
Package: subcaption 2023/07/28 v1.6b Sub-captions (AR)
 (/usr/local/texlive/2025/texmf-dist/tex/latex/caption/caption.sty
Package: caption 2023/08/05 v3.6o Customizing captions (AR)
 (/usr/local/texlive/2025/texmf-dist/tex/latex/caption/caption3.sty
Package: caption3 2023/07/31 v2.4d caption3 kernel (AR)
\caption@tempdima=\dimen302
\captionmargin=\dimen303
\caption@leftmargin=\dimen304
\caption@rightmargin=\dimen305
\caption@width=\dimen306
\caption@indent=\dimen307
\caption@parindent=\dimen308
\caption@hangindent=\dimen309
Package caption Info: beamer document class detected.
 (/usr/local/texlive/2025/texmf-dist/tex/latex/caption/caption-beamer.sto
File: caption-beamer.sto 2022/01/06 v2.0c Adaption of the caption package to the beamer document classes (AR)
))
\c@caption@flags=\count358
\c@continuedfloat=\count359
Package caption Info: hyperref package is loaded.
Package caption Info: Hyperref support is turned off
(caption)             because hyperref has stopped early.
)
Package caption Info: New subtype `subfigure' on input line 238.
\c@subfigure=\count360
Package caption Info: New subtype `subtable' on input line 238.
\c@subtable=\count361
) (/usr/local/texlive/2025/texmf-dist/tex/latex/appendixnumberbeamer/appendixnumberbeamer.sty) (/usr/local/texlive/2025/texmf-dist/tex/latex/psnfss/pifont.sty
Package: pifont 2020/03/25 PSNFSS-v9.3 Pi font support (SPQR) 
LaTeX Font Info:    Trying to load font information for U+pzd on input line 63.
 (/usr/local/texlive/2025/texmf-dist/tex/latex/psnfss/upzd.fd
File: upzd.fd 2001/06/04 font definitions for U/pzd.
)
LaTeX Font Info:    Trying to load font information for U+psy on input line 64.
 (/usr/local/texlive/2025/texmf-dist/tex/latex/psnfss/upsy.fd
File: upsy.fd 2001/06/04 font definitions for U/psy.
)) (/usr/local/texlive/2025/texmf-dist/tex/latex/l3backend/l3backend-pdftex.def
File: l3backend-pdftex.def 2025-06-09 L3 backend support: PDF output (pdfTeX)
\l__color_backend_stack_int=\count362
) (./main.aux)
\openout1 = `main.aux'.

LaTeX Font Info:    Checking defaults for OML/cmm/m/it on input line 29.
LaTeX Font Info:    ... okay on input line 29.
LaTeX Font Info:    Checking defaults for OMS/cmsy/m/n on input line 29.
LaTeX Font Info:    ... okay on input line 29.
LaTeX Font Info:    Checking defaults for OT1/cmr/m/n on input line 29.
LaTeX Font Info:    ... okay on input line 29.
LaTeX Font Info:    Checking defaults for T1/cmr/m/n on input line 29.
LaTeX Font Info:    ... okay on input line 29.
LaTeX Font Info:    Checking defaults for TS1/cmr/m/n on input line 29.
LaTeX Font Info:    ... okay on input line 29.
LaTeX Font Info:    Checking defaults for OMX/cmex/m/n on input line 29.
LaTeX Font Info:    ... okay on input line 29.
LaTeX Font Info:    Checking defaults for U/cmr/m/n on input line 29.
LaTeX Font Info:    ... okay on input line 29.
LaTeX Font Info:    Checking defaults for PD1/pdf/m/n on input line 29.
LaTeX Font Info:    ... okay on input line 29.
LaTeX Font Info:    Checking defaults for PU/pdf/m/n on input line 29.
LaTeX Font Info:    ... okay on input line 29.

*geometry* driver: auto-detecting
*geometry* detected driver: pdftex
*geometry* verbose mode - [ preamble ] result:
* driver: pdftex
* paper: custom
* layout: <same size as paper>
* layoutoffset:(h,v)=(0.0pt,0.0pt)
* modes: includehead includefoot 
* h-part:(L,W,R)=(28.45274pt, 307.28987pt, 28.45274pt)
* v-part:(T,H,B)=(0.0pt, 273.14662pt, 0.0pt)
* \paperwidth=364.19536pt
* \paperheight=273.14662pt
* \textwidth=307.28987pt
* \textheight=244.6939pt
* \oddsidemargin=-43.81725pt
* \evensidemargin=-43.81725pt
* \topmargin=-72.26999pt
* \headheight=14.22636pt
* \headsep=0.0pt
* \topskip=9.0pt
* \footskip=14.22636pt
* \marginparwidth=4.0pt
* \marginparsep=10.0pt
* \columnsep=10.0pt
* \skip\footins=8.0pt plus 4.0pt minus 2.0pt
* \hoffset=0.0pt
* \voffset=0.0pt
* \mag=1000
* \@twocolumnfalse
* \@twosidefalse
* \@mparswitchfalse
* \@reversemarginfalse
* (1in=72.27pt=25.4mm, 1cm=28.453pt)

(/usr/local/texlive/2025/texmf-dist/tex/context/base/mkii/supp-pdf.mkii
[Loading MPS to PDF converter (version 2006.09.02).]
\scratchcounter=\count363
\scratchdimen=\dimen310
\scratchbox=\box78
\nofMPsegments=\count364
\nofMParguments=\count365
\everyMPshowfont=\toks46
\MPscratchCnt=\count366
\MPscratchDim=\dimen311
\MPnumerator=\count367
\makeMPintoPDFobject=\count368
\everyMPtoPDFconversion=\toks47
) (/usr/local/texlive/2025/texmf-dist/tex/latex/epstopdf-pkg/epstopdf-base.sty
Package: epstopdf-base 2020-01-24 v2.11 Base part for package epstopdf
Package epstopdf-base Info: Redefining graphics rule for `.eps' on input line 485.
 (/usr/local/texlive/2025/texmf-dist/tex/latex/latexconfig/epstopdf-sys.cfg
File: epstopdf-sys.cfg 2010/07/13 v1.3 Configuration of (r)epstopdf for TeX Live
))
Package hyperref Info: Link coloring OFF on input line 29.
\@outlinefile=\write5
\openout5 = `main.out'.

LaTeX Font Info:    Overwriting symbol font `operators' in version `normal'
(Font)                  OT1/cmr/m/n --> OT1/cmss/m/n on input line 29.
LaTeX Font Info:    Overwriting symbol font `operators' in version `bold'
(Font)                  OT1/cmr/bx/n --> OT1/cmss/b/n on input line 29.
\symnumbers=\mathgroup6
\sympureletters=\mathgroup7
LaTeX Font Info:    Overwriting math alphabet `\mathrm' in version `normal'
(Font)                  OT1/cmss/m/n --> OT1/cmr/m/n on input line 29.
LaTeX Font Info:    Redeclaring math alphabet \mathbf on input line 29.
LaTeX Font Info:    Overwriting math alphabet `\mathbf' in version `normal'
(Font)                  OT1/cmr/bx/n --> OT1/cmss/b/n on input line 29.
LaTeX Font Info:    Overwriting math alphabet `\mathbf' in version `bold'
(Font)                  OT1/cmr/bx/n --> OT1/cmss/b/n on input line 29.
LaTeX Font Info:    Redeclaring math alphabet \mathsf on input line 29.
LaTeX Font Info:    Overwriting math alphabet `\mathsf' in version `normal'
(Font)                  OT1/cmss/m/n --> OT1/cmss/m/n on input line 29.
LaTeX Font Info:    Overwriting math alphabet `\mathsf' in version `bold'
(Font)                  OT1/cmss/bx/n --> OT1/cmss/m/n on input line 29.
LaTeX Font Info:    Redeclaring math alphabet \mathit on input line 29.
LaTeX Font Info:    Overwriting math alphabet `\mathit' in version `normal'
(Font)                  OT1/cmr/m/it --> OT1/cmss/m/it on input line 29.
LaTeX Font Info:    Overwriting math alphabet `\mathit' in version `bold'
(Font)                  OT1/cmr/bx/it --> OT1/cmss/m/it on input line 29.
LaTeX Font Info:    Redeclaring math alphabet \mathtt on input line 29.
LaTeX Font Info:    Overwriting math alphabet `\mathtt' in version `normal'
(Font)                  OT1/cmtt/m/n --> OT1/cmtt/m/n on input line 29.
LaTeX Font Info:    Overwriting math alphabet `\mathtt' in version `bold'
(Font)                  OT1/cmtt/m/n --> OT1/cmtt/m/n on input line 29.
LaTeX Font Info:    Overwriting symbol font `numbers' in version `bold'
(Font)                  OT1/cmss/m/n --> OT1/cmss/b/n on input line 29.
LaTeX Font Info:    Overwriting symbol font `pureletters' in version `bold'
(Font)                  OT1/cmss/m/it --> OT1/cmss/b/it on input line 29.
LaTeX Font Info:    Overwriting math alphabet `\mathrm' in version `bold'
(Font)                  OT1/cmss/b/n --> OT1/cmr/b/n on input line 29.
LaTeX Font Info:    Overwriting math alphabet `\mathbf' in version `bold'
(Font)                  OT1/cmss/b/n --> OT1/cmss/b/n on input line 29.
LaTeX Font Info:    Overwriting math alphabet `\mathsf' in version `bold'
(Font)                  OT1/cmss/m/n --> OT1/cmss/b/n on input line 29.
LaTeX Font Info:    Overwriting math alphabet `\mathit' in version `bold'
(Font)                  OT1/cmss/m/it --> OT1/cmss/b/it on input line 29.
LaTeX Font Info:    Overwriting math alphabet `\mathtt' in version `bold'
(Font)                  OT1/cmtt/m/n --> OT1/cmtt/b/n on input line 29.
LaTeX Font Info:    Redeclaring symbol font `pureletters' on input line 29.
LaTeX Font Info:    Overwriting symbol font `pureletters' in version `normal'
(Font)                  OT1/cmss/m/it --> OT1/mathkerncmss/m/sl on input line 29.
LaTeX Font Info:    Overwriting symbol font `pureletters' in version `bold'
(Font)                  OT1/cmss/b/it --> OT1/mathkerncmss/m/sl on input line 29.
LaTeX Font Info:    Overwriting symbol font `pureletters' in version `bold'
(Font)                  OT1/mathkerncmss/m/sl --> OT1/mathkerncmss/bx/sl on input line 29.
 (/usr/local/texlive/2025/texmf-dist/tex/latex/translator/translator-basic-dictionary-English.dict
Dictionary: translator-basic-dictionary, Language: English 
) (/usr/local/texlive/2025/texmf-dist/tex/latex/translator/translator-bibliography-dictionary-English.dict
Dictionary: translator-bibliography-dictionary, Language: English 
) (/usr/local/texlive/2025/texmf-dist/tex/latex/translator/translator-environment-dictionary-English.dict
Dictionary: translator-environment-dictionary, Language: English 
) (/usr/local/texlive/2025/texmf-dist/tex/latex/translator/translator-months-dictionary-English.dict
Dictionary: translator-months-dictionary, Language: English 
) (/usr/local/texlive/2025/texmf-dist/tex/latex/translator/translator-numbers-dictionary-English.dict
Dictionary: translator-numbers-dictionary, Language: English 
) (/usr/local/texlive/2025/texmf-dist/tex/latex/translator/translator-theorem-dictionary-English.dict
Dictionary: translator-theorem-dictionary, Language: English 
)
Package caption Info: Begin \AtBeginDocument code.
Package caption Info: End \AtBeginDocument code.
 (./main.nav)

[1{/usr/local/texlive/2025/texmf-var/fonts/map/pdftex/updmap/pdftex.map}

]
LaTeX Font Info:    Trying to load font information for U+msa on input line 61.
 (/usr/local/texlive/2025/texmf-dist/tex/latex/amsfonts/umsa.fd
File: umsa.fd 2013/01/14 v3.01 AMS symbols A
)
LaTeX Font Info:    Trying to load font information for U+msb on input line 61.
 (/usr/local/texlive/2025/texmf-dist/tex/latex/amsfonts/umsb.fd
File: umsb.fd 2013/01/14 v3.01 AMS symbols B
)
LaTeX Font Info:    Trying to load font information for OT1+mathkerncmss on input line 61.
 (/usr/local/texlive/2025/texmf-dist/tex/latex/sansmathaccent/ot1mathkerncmss.fd
File: ot1mathkerncmss.fd 2020/01/31 Fontinst v1.933 font definitions for OT1/mathkerncmss.
)

[2

]
Overfull \hbox (0.88026pt too wide) detected at line 124
\OML/cmm/m/it/9 ^^M[] \OT1/cmss/m/n/9 = \OT1/mathkerncmss/m/sl/9 g[] \OT1/cmss/m/n/9 + \OT1/mathkerncmss/m/sl/9 n[]n[]\OML/cmm/m/it/9 ;  \OT1/mathkerncmss/m/sl/9 K[] \OT1/cmss/m/n/9 = \OMS/cmsy/m/n/9 ^^@\OML/cmm/m/it/9 ^^M[][][]\OMS/cmsy/m/n/9 r[]\OT1/mathkerncmss/m/sl/9 n[]\OML/cmm/m/it/9 :
 []


Overfull \hbox (2.73653pt too wide) detected at line 124
\OT1/mathkerncmss/m/sl/9 C[] \OT1/cmss/m/n/9 : \OT1/mathkerncmss/m/sl/9 R \OT1/cmss/m/n/9 + \OT1/mathkerncmss/m/sl/9 K[] \OMS/cmsy/m/n/9 ^^@ \OT1/mathkerncmss/m/sl/9 K[]K[] \OMS/cmsy/m/n/9 ^^@ \OT1/cmss/m/n/9 16\OML/cmm/m/it/9 ^^Y^^Z \OT1/cmss/m/n/9 = 0\OML/cmm/m/it/9 ;
 []


Overfull \hbox (100.55824pt too wide) detected at line 124
\OML/cmm/m/it/8 @[]\OT1/mathkerncmss/m/sl/8 K[] \OT1/cmss/m/n/8 = \OMS/cmsy/m/n/8 ^^@\OT1/mathkerncmss/m/sl/8 D[]D[]\OML/cmm/m/it/8  \OT1/cmss/m/n/8 + \OML/cmm/m/it/8 \OT1/cmss/m/n/8 (\OT1/mathkerncmss/m/sl/8 R[] \OMS/cmsy/m/n/8 ^^@ \OT1/cmss/m/n/8 2\OT1/mathkerncmss/m/sl/8 K[]K[][][] \OT1/cmss/m/n/8 + \OT1/mathkerncmss/m/sl/8 KK[]\OT1/cmss/m/n/8 ) + 4\OML/cmm/m/it/8 ^^Y\OT1/cmss/m/n/8 [\OML/cmm/m/it/8 ^^M[]\OT1/cmss/m/n/8 (\OT1/mathkerncmss/m/sl/8 s \OMS/cmsy/m/n/8 ^^@ \OML/cmm/m/it/8 ^^Z\OT1/cmss/m/n/8 ) \OMS/cmsy/m/n/8 ^^@ \OT1/cmss/m/n/8 2\OT1/mathkerncmss/m/sl/8 s[]\OT1/cmss/m/n/8 ] + \OMS/cmsy/m/n/8 L[]\OT1/mathkerncmss/m/sl/8 K[]\OML/cmm/m/it/8 :
 []

<Screenshot 2025-11-22 121104.png, id=245, 307.74976pt x 227.04825pt>
File: Screenshot 2025-11-22 121104.png Graphic file (type png)
<use Screenshot 2025-11-22 121104.png>
Package pdftex.def Info: Screenshot 2025-11-22 121104.png  used on input line 124.
(pdftex.def)             Requested size: 129.06117pt x 95.22102pt.

Overfull \vbox (3.18793pt too high) detected at line 124
 []



[3

 <./Screenshot 2025-11-22 121104.png>]
Overfull \hbox (0.88026pt too wide) detected at line 124
\OML/cmm/m/it/9 ^^M[] \OT1/cmss/m/n/9 = \OT1/mathkerncmss/m/sl/9 g[] \OT1/cmss/m/n/9 + \OT1/mathkerncmss/m/sl/9 n[]n[]\OML/cmm/m/it/9 ;  \OT1/mathkerncmss/m/sl/9 K[] \OT1/cmss/m/n/9 = \OMS/cmsy/m/n/9 ^^@\OML/cmm/m/it/9 ^^M[][][]\OMS/cmsy/m/n/9 r[]\OT1/mathkerncmss/m/sl/9 n[]\OML/cmm/m/it/9 :
 []


Overfull \hbox (2.73653pt too wide) detected at line 124
\OT1/mathkerncmss/m/sl/9 C[] \OT1/cmss/m/n/9 : \OT1/mathkerncmss/m/sl/9 R \OT1/cmss/m/n/9 + \OT1/mathkerncmss/m/sl/9 K[] \OMS/cmsy/m/n/9 ^^@ \OT1/mathkerncmss/m/sl/9 K[]K[] \OMS/cmsy/m/n/9 ^^@ \OT1/cmss/m/n/9 16\OML/cmm/m/it/9 ^^Y^^Z \OT1/cmss/m/n/9 = 0\OML/cmm/m/it/9 ;
 []


Overfull \hbox (100.55824pt too wide) detected at line 124
\OML/cmm/m/it/8 @[]\OT1/mathkerncmss/m/sl/8 K[] \OT1/cmss/m/n/8 = \OMS/cmsy/m/n/8 ^^@\OT1/mathkerncmss/m/sl/8 D[]D[]\OML/cmm/m/it/8  \OT1/cmss/m/n/8 + \OML/cmm/m/it/8 \OT1/cmss/m/n/8 (\OT1/mathkerncmss/m/sl/8 R[] \OMS/cmsy/m/n/8 ^^@ \OT1/cmss/m/n/8 2\OT1/mathkerncmss/m/sl/8 K[]K[][][] \OT1/cmss/m/n/8 + \OT1/mathkerncmss/m/sl/8 KK[]\OT1/cmss/m/n/8 ) + 4\OML/cmm/m/it/8 ^^Y\OT1/cmss/m/n/8 [\OML/cmm/m/it/8 ^^M[]\OT1/cmss/m/n/8 (\OT1/mathkerncmss/m/sl/8 s \OMS/cmsy/m/n/8 ^^@ \OML/cmm/m/it/8 ^^Z\OT1/cmss/m/n/8 ) \OMS/cmsy/m/n/8 ^^@ \OT1/cmss/m/n/8 2\OT1/mathkerncmss/m/sl/8 s[]\OT1/cmss/m/n/8 ] + \OMS/cmsy/m/n/8 L[]\OT1/mathkerncmss/m/sl/8 K[]\OML/cmm/m/it/8 :
 []

File: Screenshot 2025-11-22 121104.png Graphic file (type png)
<use Screenshot 2025-11-22 121104.png>
Package pdftex.def Info: Screenshot 2025-11-22 121104.png  used on input line 124.
(pdftex.def)             Requested size: 129.06117pt x 95.22102pt.

Overfull \vbox (3.18793pt too high) detected at line 124
 []



[4

]
Overfull \hbox (0.88026pt too wide) detected at line 124
\OML/cmm/m/it/9 ^^M[] \OT1/cmss/m/n/9 = \OT1/mathkerncmss/m/sl/9 g[] \OT1/cmss/m/n/9 + \OT1/mathkerncmss/m/sl/9 n[]n[]\OML/cmm/m/it/9 ;  \OT1/mathkerncmss/m/sl/9 K[] \OT1/cmss/m/n/9 = \OMS/cmsy/m/n/9 ^^@\OML/cmm/m/it/9 ^^M[][][]\OMS/cmsy/m/n/9 r[]\OT1/mathkerncmss/m/sl/9 n[]\OML/cmm/m/it/9 :
 []


Overfull \hbox (2.73653pt too wide) detected at line 124
\OT1/mathkerncmss/m/sl/9 C[] \OT1/cmss/m/n/9 : \OT1/mathkerncmss/m/sl/9 R \OT1/cmss/m/n/9 + \OT1/mathkerncmss/m/sl/9 K[] \OMS/cmsy/m/n/9 ^^@ \OT1/mathkerncmss/m/sl/9 K[]K[] \OMS/cmsy/m/n/9 ^^@ \OT1/cmss/m/n/9 16\OML/cmm/m/it/9 ^^Y^^Z \OT1/cmss/m/n/9 = 0\OML/cmm/m/it/9 ;
 []


Overfull \hbox (100.55824pt too wide) detected at line 124
\OML/cmm/m/it/8 @[]\OT1/mathkerncmss/m/sl/8 K[] \OT1/cmss/m/n/8 = \OMS/cmsy/m/n/8 ^^@\OT1/mathkerncmss/m/sl/8 D[]D[]\OML/cmm/m/it/8  \OT1/cmss/m/n/8 + \OML/cmm/m/it/8 \OT1/cmss/m/n/8 (\OT1/mathkerncmss/m/sl/8 R[] \OMS/cmsy/m/n/8 ^^@ \OT1/cmss/m/n/8 2\OT1/mathkerncmss/m/sl/8 K[]K[][][] \OT1/cmss/m/n/8 + \OT1/mathkerncmss/m/sl/8 KK[]\OT1/cmss/m/n/8 ) + 4\OML/cmm/m/it/8 ^^Y\OT1/cmss/m/n/8 [\OML/cmm/m/it/8 ^^M[]\OT1/cmss/m/n/8 (\OT1/mathkerncmss/m/sl/8 s \OMS/cmsy/m/n/8 ^^@ \OML/cmm/m/it/8 ^^Z\OT1/cmss/m/n/8 ) \OMS/cmsy/m/n/8 ^^@ \OT1/cmss/m/n/8 2\OT1/mathkerncmss/m/sl/8 s[]\OT1/cmss/m/n/8 ] + \OMS/cmsy/m/n/8 L[]\OT1/mathkerncmss/m/sl/8 K[]\OML/cmm/m/it/8 :
 []

File: Screenshot 2025-11-22 121104.png Graphic file (type png)
<use Screenshot 2025-11-22 121104.png>
Package pdftex.def Info: Screenshot 2025-11-22 121104.png  used on input line 124.
(pdftex.def)             Requested size: 129.06117pt x 95.22102pt.

Overfull \vbox (3.18793pt too high) detected at line 124
 []



[5

]
Overfull \hbox (0.88026pt too wide) detected at line 124
\OML/cmm/m/it/9 ^^M[] \OT1/cmss/m/n/9 = \OT1/mathkerncmss/m/sl/9 g[] \OT1/cmss/m/n/9 + \OT1/mathkerncmss/m/sl/9 n[]n[]\OML/cmm/m/it/9 ;  \OT1/mathkerncmss/m/sl/9 K[] \OT1/cmss/m/n/9 = \OMS/cmsy/m/n/9 ^^@\OML/cmm/m/it/9 ^^M[][][]\OMS/cmsy/m/n/9 r[]\OT1/mathkerncmss/m/sl/9 n[]\OML/cmm/m/it/9 :
 []


Overfull \hbox (2.73653pt too wide) detected at line 124
\OT1/mathkerncmss/m/sl/9 C[] \OT1/cmss/m/n/9 : \OT1/mathkerncmss/m/sl/9 R \OT1/cmss/m/n/9 + \OT1/mathkerncmss/m/sl/9 K[] \OMS/cmsy/m/n/9 ^^@ \OT1/mathkerncmss/m/sl/9 K[]K[] \OMS/cmsy/m/n/9 ^^@ \OT1/cmss/m/n/9 16\OML/cmm/m/it/9 ^^Y^^Z \OT1/cmss/m/n/9 = 0\OML/cmm/m/it/9 ;
 []


Overfull \hbox (100.55824pt too wide) detected at line 124
\OML/cmm/m/it/8 @[]\OT1/mathkerncmss/m/sl/8 K[] \OT1/cmss/m/n/8 = \OMS/cmsy/m/n/8 ^^@\OT1/mathkerncmss/m/sl/8 D[]D[]\OML/cmm/m/it/8  \OT1/cmss/m/n/8 + \OML/cmm/m/it/8 \OT1/cmss/m/n/8 (\OT1/mathkerncmss/m/sl/8 R[] \OMS/cmsy/m/n/8 ^^@ \OT1/cmss/m/n/8 2\OT1/mathkerncmss/m/sl/8 K[]K[][][] \OT1/cmss/m/n/8 + \OT1/mathkerncmss/m/sl/8 KK[]\OT1/cmss/m/n/8 ) + 4\OML/cmm/m/it/8 ^^Y\OT1/cmss/m/n/8 [\OML/cmm/m/it/8 ^^M[]\OT1/cmss/m/n/8 (\OT1/mathkerncmss/m/sl/8 s \OMS/cmsy/m/n/8 ^^@ \OML/cmm/m/it/8 ^^Z\OT1/cmss/m/n/8 ) \OMS/cmsy/m/n/8 ^^@ \OT1/cmss/m/n/8 2\OT1/mathkerncmss/m/sl/8 s[]\OT1/cmss/m/n/8 ] + \OMS/cmsy/m/n/8 L[]\OT1/mathkerncmss/m/sl/8 K[]\OML/cmm/m/it/8 :
 []

File: Screenshot 2025-11-22 121104.png Graphic file (type png)
<use Screenshot 2025-11-22 121104.png>
Package pdftex.def Info: Screenshot 2025-11-22 121104.png  used on input line 124.
(pdftex.def)             Requested size: 129.06117pt x 95.22102pt.

Overfull \vbox (3.18793pt too high) detected at line 124
 []



[6

]
Overfull \hbox (0.88026pt too wide) detected at line 124
\OML/cmm/m/it/9 ^^M[] \OT1/cmss/m/n/9 = \OT1/mathkerncmss/m/sl/9 g[] \OT1/cmss/m/n/9 + \OT1/mathkerncmss/m/sl/9 n[]n[]\OML/cmm/m/it/9 ;  \OT1/mathkerncmss/m/sl/9 K[] \OT1/cmss/m/n/9 = \OMS/cmsy/m/n/9 ^^@\OML/cmm/m/it/9 ^^M[][][]\OMS/cmsy/m/n/9 r[]\OT1/mathkerncmss/m/sl/9 n[]\OML/cmm/m/it/9 :
 []


Overfull \hbox (2.73653pt too wide) detected at line 124
\OT1/mathkerncmss/m/sl/9 C[] \OT1/cmss/m/n/9 : \OT1/mathkerncmss/m/sl/9 R \OT1/cmss/m/n/9 + \OT1/mathkerncmss/m/sl/9 K[] \OMS/cmsy/m/n/9 ^^@ \OT1/mathkerncmss/m/sl/9 K[]K[] \OMS/cmsy/m/n/9 ^^@ \OT1/cmss/m/n/9 16\OML/cmm/m/it/9 ^^Y^^Z \OT1/cmss/m/n/9 = 0\OML/cmm/m/it/9 ;
 []


Overfull \hbox (100.55824pt too wide) detected at line 124
\OML/cmm/m/it/8 @[]\OT1/mathkerncmss/m/sl/8 K[] \OT1/cmss/m/n/8 = \OMS/cmsy/m/n/8 ^^@\OT1/mathkerncmss/m/sl/8 D[]D[]\OML/cmm/m/it/8  \OT1/cmss/m/n/8 + \OML/cmm/m/it/8 \OT1/cmss/m/n/8 (\OT1/mathkerncmss/m/sl/8 R[] \OMS/cmsy/m/n/8 ^^@ \OT1/cmss/m/n/8 2\OT1/mathkerncmss/m/sl/8 K[]K[][][] \OT1/cmss/m/n/8 + \OT1/mathkerncmss/m/sl/8 KK[]\OT1/cmss/m/n/8 ) + 4\OML/cmm/m/it/8 ^^Y\OT1/cmss/m/n/8 [\OML/cmm/m/it/8 ^^M[]\OT1/cmss/m/n/8 (\OT1/mathkerncmss/m/sl/8 s \OMS/cmsy/m/n/8 ^^@ \OML/cmm/m/it/8 ^^Z\OT1/cmss/m/n/8 ) \OMS/cmsy/m/n/8 ^^@ \OT1/cmss/m/n/8 2\OT1/mathkerncmss/m/sl/8 s[]\OT1/cmss/m/n/8 ] + \OMS/cmsy/m/n/8 L[]\OT1/mathkerncmss/m/sl/8 K[]\OML/cmm/m/it/8 :
 []

File: Screenshot 2025-11-22 121104.png Graphic file (type png)
<use Screenshot 2025-11-22 121104.png>
Package pdftex.def Info: Screenshot 2025-11-22 121104.png  used on input line 124.
(pdftex.def)             Requested size: 129.06117pt x 95.22102pt.

Overfull \vbox (3.18793pt too high) detected at line 124
 []



[7

]

[8

]
<image.png, id=530, 537.00626pt x 454.69875pt>
File: image.png Graphic file (type png)
<use image.png>
Package pdftex.def Info: image.png  used on input line 176.
(pdftex.def)             Requested size: 169.80702pt x 143.77898pt.

Overfull \hbox (48.51576pt too wide) in paragraph at lines 176--176
 [] 
 []



[9

 <./image.png (PNG copy)>]
File: image.png Graphic file (type png)
<use image.png>
Package pdftex.def Info: image.png  used on input line 205.
(pdftex.def)             Requested size: 157.679pt x 133.51053pt.

Overfull \hbox (36.38774pt too wide) in paragraph at lines 205--205
 [] 
 []



[10

]
Overfull \hbox (30.18431pt too wide) detected at line 236
[]  [][] [][][][][][][][][] [][][][][][][] 
 []



[11

]
<deviation.png, id=695, 255.95625pt x 423.5825pt>
File: deviation.png Graphic file (type png)
<use deviation.png>
Package pdftex.def Info: deviation.png  used on input line 261.
(pdftex.def)             Requested size: 55.3133pt x 91.53381pt.


[12

 <./deviation.png>]
<chop_getcrit.png, id=753, 542.025pt x 226.8475pt>
File: chop_getcrit.png Graphic file (type png)
<use chop_getcrit.png>
Package pdftex.def Info: chop_getcrit.png  used on input line 286.
(pdftex.def)             Requested size: 151.80194pt x 63.5307pt.

pdfTeX warning (ext4): destination with the same identifier (name{fig:placeholder}) has been already used, duplicate ignored
<to be read again> 
                   \relax 
l.286 \end{frame}
                 

[13

 <./chop_getcrit.png>]
<Scaling_all.pdf, id=826, 462.52798pt x 346.89601pt>
File: Scaling_all.pdf Graphic file (type pdf)
<use Scaling_all.pdf>
Package pdftex.def Info: Scaling_all.pdf  used on input line 315.
(pdftex.def)             Requested size: 199.73653pt x 149.80284pt.

pdfTeX warning (ext4): destination with the same identifier (name{fig:placeholder}) has been already used, duplicate ignored
<to be read again> 
                   \relax 
l.315 \end{frame}
                 

[14

 <./Scaling_all.pdf>]
<fig.png, id=954, 462.528pt x 260.172pt>
File: fig.png Graphic file (type png)
<use fig.png>
Package pdftex.def Info: fig.png  used on input line 341.
(pdftex.def)             Requested size: 153.64493pt x 86.42471pt.
File: Scaling_all.pdf Graphic file (type pdf)
<use Scaling_all.pdf>
Package pdftex.def Info: Scaling_all.pdf  used on input line 341.
(pdftex.def)             Requested size: 138.2795pt x 103.70966pt.


[15

 <./fig.png>]
/home/ashiquetnizar/Projects/BSMS_thesis/NRGW_Presentation/main.tex:371: Missing $ inserted.
<inserted text> 
                $
l.371 \end{frame}
                 
I've inserted a begin-math/end-math symbol since I think
you left one out. Proceed, with fingers crossed.

/home/ashiquetnizar/Projects/BSMS_thesis/NRGW_Presentation/main.tex:371: Missing } inserted.
<inserted text> 
                }
l.371 \end{frame}
                 
I've inserted something that you may have forgotten.
(See the <inserted text> above.)
With luck, this will get me unwedged. But if you
really didn't forget anything, try typing `2' now; then
my insertion and my current dilemma will both disappear.

/home/ashiquetnizar/Projects/BSMS_thesis/NRGW_Presentation/main.tex:371: Display math should end with $$.
<to be read again> 
                   \tex_par:D 
l.371 \end{frame}
                 
The `$' that I just saw supposedly matches a previous `$$'.
So I shall assume that you typed `$$' both times.

/home/ashiquetnizar/Projects/BSMS_thesis/NRGW_Presentation/main.tex:371: Extra }, or forgotten \endgroup.
\par ...m \@noitemerr {\@@par }\fi \else {\@@par }
                                                  \fi 
l.371 \end{frame}
                 
I've deleted a group-closing symbol because it seems to be
spurious, as in `$x}$'. But perhaps the } is legitimate and
you forgot something else, as in `\hbox{$x}'. In such cases
the way to recover is to insert both the forgotten and the
deleted material, e.g., by typing `I$}'.


/home/ashiquetnizar/Projects/BSMS_thesis/NRGW_Presentation/main.tex:371: LaTeX Error: Bad math environment delimiter.

See the LaTeX manual or LaTeX Companion for explanation.
Type  H <return>  for immediate help.
 ...                                              
                                                  
l.371 \end{frame}
                 
Your command was ignored.
Type  I <command> <return>  to replace it with another command,
or  <return>  to continue without it.

/home/ashiquetnizar/Projects/BSMS_thesis/NRGW_Presentation/main.tex:371: Missing $ inserted.
<inserted text> 
                $
l.371 \end{frame}
                 
I've inserted something that you may have forgotten.
(See the <inserted text> above.)
With luck, this will get me unwedged. But if you
really didn't forget anything, try typing `2' now; then
my insertion and my current dilemma will both disappear.

/home/ashiquetnizar/Projects/BSMS_thesis/NRGW_Presentation/main.tex:371: Display math should end with $$.
<to be read again> 
                   \endgroup 
l.371 \end{frame}
                 
The `$' that I just saw supposedly matches a previous `$$'.
So I shall assume that you typed `$$' both times.



[16

]
/home/ashiquetnizar/Projects/BSMS_thesis/NRGW_Presentation/main.tex:393: Misplaced alignment tab character &.
\beamer@doifinframe ...the f and h $$ f(\rho ,z) &
                                                  = \texttt {tp1}\,\rho ^{2}...
l.393 \end{frame}
                 
I can't figure out why you would want to use a tab mark
here. If you just want an ampersand, the remedy is
simple: Just type `I\&' now. But if some right brace
up above has ended a previous alignment prematurely,
you're probably due for more error messages, and you
might try typing `S' now just to see what is salvageable.

/home/ashiquetnizar/Projects/BSMS_thesis/NRGW_Presentation/main.tex:393: Misplaced alignment tab character &.
\beamer@doifinframe ...{2})} \; \; \; h(\rho ,z) &
                                                  = \texttt {tp2}\,\rho ^{3}...
l.393 \end{frame}
                 
I can't figure out why you would want to use a tab mark
here. If you just want an ampersand, the remedy is
simple: Just type `I\&' now. But if some right brace
up above has ended a previous alignment prematurely,
you're probably due for more error messages, and you
might try typing `S' now just to see what is salvageable.



[17

]
<../figures/separate_scaling_new.pdf, id=1135, 505.89pt x 361.35pt>
File: ../figures/separate_scaling_new.pdf Graphic file (type pdf)
<use ../figures/separate_scaling_new.pdf>
Package pdftex.def Info: ../figures/separate_scaling_new.pdf  used on input line 409.
(pdftex.def)             Requested size: 184.3758pt x 131.6959pt.

Overfull \vbox (5.18271pt too high) detected at line 409
 []



[18

 <../figures/separate_scaling_new.pdf>]

[19

]

[20

]

[21

]

LaTeX Warning: The counter will not be printed.
             The label is: 2 on input line 456.

<figure.pdf, id=1396, 433.62pt x 433.62pt>
File: figure.pdf Graphic file (type pdf)
<use figure.pdf>
Package pdftex.def Info: figure.pdf  used on input line 456.
(pdftex.def)             Requested size: 121.29126pt x 121.28705pt.


[22

 <./figure.pdf>]
<../figures/Screenshot_2026-04-05_14-48-44.png, id=1505, 1188.44pt x 449.68pt>
File: ../figures/Screenshot_2026-04-05_14-48-44.png Graphic file (type png)
<use ../figures/Screenshot_2026-04-05_14-48-44.png>
Package pdftex.def Info: ../figures/Screenshot_2026-04-05_14-48-44.png  used on input line 481.
(pdftex.def)             Requested size: 118.85095pt x 44.97063pt.


[23

 <../figures/Screenshot_2026-04-05_14-48-44.png>]
<../notebooks/figure_4.114.pdf, id=1573, 433.62pt x 433.62pt>
File: ../notebooks/figure_4.114.pdf Graphic file (type pdf)
<use ../notebooks/figure_4.114.pdf>
Package pdftex.def Info: ../notebooks/figure_4.114.pdf  used on input line 507.
(pdftex.def)             Requested size: 124.4507pt x 124.44974pt.
<../notebooks/problematic.pdf, id=1574, 867.24pt x 361.35pt>
File: ../notebooks/problematic.pdf Graphic file (type pdf)
<use ../notebooks/problematic.pdf>
Package pdftex.def Info: ../notebooks/problematic.pdf  used on input line 507.
(pdftex.def)             Requested size: 261.1959pt x 108.83038pt.

Overfull \hbox (107.55098pt too wide) in paragraph at lines 507--507
 [][] 
 []



[24

 <../notebooks/figure_4.114.pdf> <../notebooks/problematic.pdf

pdfTeX warning: pdflatex (file ../notebooks/problematic.pdf): PDF inclusion: multiple pdfs with page group included in a single page
>]

[25

]

[26

]

[27

]

Package hyperref Warning: Token not allowed in a PDF string (Unicode):
(hyperref)                removing `\translate ' on input line 538.

<echoing_loss.png, id=1882, 868.24374pt x 815.045pt>
File: echoing_loss.png Graphic file (type png)
<use echoing_loss.png>
Package pdftex.def Info: echoing_loss.png  used on input line 563.
(pdftex.def)             Requested size: 129.06117pt x 121.1446pt.

pdfTeX warning (ext4): destination with the same identifier (name{fig:placeholder}) has been already used, duplicate ignored
<to be read again> 
                   \relax 
l.563 \end{frame}
                 

[28

 <./echoing_loss.png>]

[29

]

[30

]
<scaling_curvature.png, id=1913, 911.405pt x 604.2575pt>
File: scaling_curvature.png Graphic file (type png)
<use scaling_curvature.png>
Package pdftex.def Info: scaling_curvature.png  used on input line 636.
(pdftex.def)             Requested size: 169.80702pt x 112.57883pt.

Overfull \hbox (48.51576pt too wide) in paragraph at lines 636--636
 [] 
 []


pdfTeX warning (ext4): destination with the same identifier (name{fig:placeholder}) has been already used, duplicate ignored
<to be read again> 
                   \relax 
l.636 \end{frame}
                 

[31

 <./scaling_curvature.png>]
<plots/constraint_plot_reflected_x.pdf, id=1921, 702.46443pt x 409.49281pt>
File: plots/constraint_plot_reflected_x.pdf Graphic file (type pdf)
<use plots/constraint_plot_reflected_x.pdf>
Package pdftex.def Info: plots/constraint_plot_reflected_x.pdf  used on input line 659.
(pdftex.def)             Requested size: 169.01035pt x 98.51772pt.

Overfull \hbox (15.36542pt too wide) in paragraph at lines 659--659
[][] 
 []

<plots/constraint_plot_z.pdf, id=1922, 702.46443pt x 409.49281pt>
File: plots/constraint_plot_z.pdf Graphic file (type pdf)
<use plots/constraint_plot_z.pdf>
Package pdftex.def Info: plots/constraint_plot_z.pdf  used on input line 659.
(pdftex.def)             Requested size: 169.01035pt x 98.51772pt.

Overfull \hbox (15.36542pt too wide) in paragraph at lines 659--659
[][] 
 []


Overfull \hbox (18.49988pt too wide) in paragraph at lines 659--659
 [] 
 []



[32

 <./plots/constraint_plot_reflected_x.pdf> <./plots/constraint_plot_z.pdf

pdfTeX warning: pdflatex (file ./plots/constraint_plot_z.pdf): PDF inclusion: multiple pdfs with page group included in a single page
>]

[33

]

[34

]
\tf@nav=\write6
\openout6 = `main.nav'.

\tf@toc=\write7
\openout7 = `main.toc'.

\tf@snm=\write8
\openout8 = `main.snm'.

 (./main.aux)
 ***********
LaTeX2e <2025-06-01> patch level 1
L3 programming layer <2025-07-11>
 ***********


LaTeX Warning: Label(s) may have changed. Rerun to get cross-references right.


Package rerunfilecheck Warning: File `main.out' has changed.
(rerunfilecheck)                Rerun to get outlines right
(rerunfilecheck)                or use package `bookmark'.

Package rerunfilecheck Info: Checksums for `main.out':
(rerunfilecheck)             Before: <no file>
(rerunfilecheck)             After:  C7A6B62D662A44B3AF831DB9F4E97A98;441.
 ) 
Here is how much of TeX's memory you used:
 23792 strings out of 467816
 466116 string characters out of 5432258
 844898 words of memory out of 5000000
 51858 multiletter control sequences out of 15000+600000
 639104 words of font info for 84 fonts, out of 8000000 for 9000
 1141 hyphenation exceptions out of 8191
 128i,20n,123p,438b,993s stack positions out of 10000i,1000n,20000p,200000b,200000s
</usr/local/texlive/2025/texmf-dist/fonts/type1/public/amsfonts/cmextra/cmex9.pfb></usr/local/texlive/2025/texmf-dist/fonts/type1/public/amsfonts/cm/cmmi12.pfb></usr/local/texlive/2025/texmf-dist/fonts/type1/public/amsfonts/cm/cmmi6.pfb></usr/local/texlive/2025/texmf-dist/fonts/type1/public/amsfonts/cm/cmmi8.pfb></usr/local/texlive/2025/texmf-dist/fonts/type1/public/amsfonts/cm/cmmi9.pfb></usr/local/texlive/2025/texmf-dist/fonts/type1/public/amsfonts/cm/cmr10.pfb></usr/local/texlive/2025/texmf-dist/fonts/type1/public/amsfonts/cm/cmr12.pfb></usr/local/texlive/2025/texmf-dist/fonts/type1/public/amsfonts/cm/cmr17.pfb></usr/local/texlive/2025/texmf-dist/fonts/type1/public/amsfonts/cm/cmr9.pfb></usr/local/texlive/2025/texmf-dist/fonts/type1/public/amsfonts/cm/cmss10.pfb></usr/local/texlive/2025/texmf-dist/fonts/type1/public/amsfonts/cm/cmss8.pfb></usr/local/texlive/2025/texmf-dist/fonts/type1/public/amsfonts/cm/cmss9.pfb></usr/local/texlive/2025/texmf-dist/fonts/type1/public/amsfonts/cm/cmssbx10.pfb></usr/local/texlive/2025/texmf-dist/fonts/type1/public/amsfonts/cm/cmssi8.pfb></usr/local/texlive/2025/texmf-dist/fonts/type1/public/amsfonts/cm/cmssi9.pfb></usr/local/texlive/2025/texmf-dist/fonts/type1/public/amsfonts/cm/cmsy10.pfb></usr/local/texlive/2025/texmf-dist/fonts/type1/public/amsfonts/cm/cmsy6.pfb></usr/local/texlive/2025/texmf-dist/fonts/type1/public/amsfonts/cm/cmsy8.pfb></usr/local/texlive/2025/texmf-dist/fonts/type1/public/amsfonts/cm/cmsy9.pfb></usr/local/texlive/2025/texmf-dist/fonts/type1/public/amsfonts/cm/cmtt9.pfb></usr/local/texlive/2025/texmf-dist/fonts/type1/urw/zapfding/uzdr.pfb>
Output written on main.pdf (34 pages, 2386219 bytes).
PDF statistics:
 2087 PDF objects out of 2487 (max. 8388607)
 1105 compressed objects within 12 object streams
 75 named destinations out of 1000 (max. 500000)
 688 words of extra memory for PDF output out of 10000 (max. 10000000)

